<?xml version="1.0" encoding="UTF-8"?>
<!-- Generated by org.testng.reporters.JUnitReportReporter -->
<testsuite hostname="ASHOK" failures="0" tests="7" name="testRunner.AppTest" time="75.038" errors="0" timestamp="2025-09-02T12:12:43 IST" skipped="0">
  <testcase classname="testRunner.AppTest" name="runScenario" time="11.089"/>
  <testcase classname="testRunner.AppTest" name="runScenario" time="10.210"/>
  <testcase classname="testRunner.AppTest" name="runScenario" time="10.871"/>
  <testcase classname="testRunner.AppTest" name="runScenario" time="11.841"/>
  <testcase classname="testRunner.AppTest" name="runScenario" time="10.437"/>
  <testcase classname="testRunner.AppTest" name="runScenario" time="10.404"/>
  <testcase classname="testRunner.AppTest" name="runScenario" time="10.186"/>
</testsuite> <!-- testRunner.AppTest -->
